0 -nan
0.5 -nan
1 -nan
1.5 -nan
2 -nan
2.5 -nan
3 -nan
3.5 -nan
4 -nan
4.5 -nan
5 -nan
5.5 -nan
6 -nan
6.5 -nan
7 -nan
7.5 -nan
8 -nan
8.5 -nan
9 -nan
9.5 -nan
10 -nan
10.5 -nan
11 -nan
11.5 -nan
12 -nan
12.5 -nan
13 -nan
13.5 -nan
14 -nan
14.5 -nan
15 -nan
15.5 -nan
16 -nan
16.5 -nan
17 -nan
17.5 -nan
18 -nan
18.5 -nan
19 -nan
19.5 -nan
20 -nan
20.5 -nan
21 -nan
21.5 -nan
22 -nan
22.5 -nan
23 -nan
23.5 -nan
24 -nan
24.5 -nan
25 -nan
25.5 -nan
26 -nan
26.5 -nan
27 -nan
27.5 -nan
28 -nan
28.5 -nan
29 -nan
29.5 -nan
30 -nan
30.5 -nan
31 -nan
31.5 -nan
32 -nan
32.5 -nan
33 -nan
33.5 -nan
34 -nan
34.5 -nan
35 -nan
35.5 -nan
36 -nan
36.5 -nan
37 -nan
37.5 -nan
38 -nan
38.5 -nan
39 -nan
39.5 -nan
40 -nan
40.5 -nan
41 -nan
41.5 -nan
42 -nan
42.5 -nan
43 -nan
43.5 -nan
44 -nan
44.5 -nan
45 -nan
45.5 -nan
46 -nan
46.5 -nan
47 -nan
47.5 -nan
48 -nan
48.5 -nan
49 -nan
49.5 -nan
50 -nan
50.5 -nan
51 -nan
51.5 -nan
52 -nan
52.5 -nan
53 -nan
53.5 -nan
54 -nan
54.5 -nan
55 -nan
55.5 -nan
56 -nan
56.5 -nan
57 -nan
57.5 -nan
58 -nan
58.5 -nan
59 -nan
59.5 -nan
60 1
60.5 1
61 1
61.5 1
62 1
62.5 1
63 1
63.5 1
64 1
64.5 1
65 1
65.5 1
66 1
66.5 1
67 1
67.5 1
68 1
68.5 1
69 1
69.5 1
70 1
70.5 1
71 1
71.5 1
72 1
72.5 1
73 1
73.5 1
74 1
74.5 1
75 1
75.5 1
76 1
76.5 1
77 1
77.5 1
78 1
78.5 1
79 1
79.5 1
80 1
80.5 1
81 1
81.5 1
82 1
82.5 1
83 1
83.5 1
84 1
84.5 1
85 1
85.5 1
86 1
86.5 1
87 1
87.5 1
88 1
88.5 1
89 1
89.5 1
90 1
90.5 1
91 1
91.5 1
92 1
92.5 1
93 1
93.5 1
94 1
94.5 1
95 1
95.5 1
96 1
96.5 1
97 1
97.5 1
98 1
98.5 1
99 1
99.5 1
100 1
100.5 1
101 1
101.5 1
102 1
102.5 1
103 1
103.5 1
104 1
104.5 1
105 1
105.5 1
106 1
106.5 1
107 1
107.5 1
108 1
108.5 1
109 1
109.5 1
110 1
110.5 1
111 1
111.5 1
112 1
112.5 1
113 1
113.5 1
114 1
114.5 1
115 1
115.5 1
116 1
116.5 1
117 1
117.5 1
118 1
118.5 1
119 1
119.5 1
120 1
120.5 1
121 1
121.5 1
122 1
122.5 1
123 1
123.5 1
124 1
124.5 1
125 1
125.5 1
126 1
126.5 1
127 1
127.5 1
128 1
128.5 1
129 1
129.5 1
130 1
130.5 1
131 1
131.5 1
132 1
132.5 1
133 1
133.5 1
134 1
134.5 1
135 1
135.5 1
136 1
136.5 1
137 1
137.5 1
138 1
138.5 1
139 1
139.5 1
140 1
140.5 1
141 1
141.5 1
142 1
142.5 1
143 1
143.5 1
144 1
144.5 1
145 1
145.5 1
146 1
146.5 1
147 1
147.5 1
148 1
148.5 1
149 1
149.5 1
150 1
150.5 1
151 1
151.5 1
152 1
152.5 1
153 1
153.5 1
154 1
154.5 1
155 1
155.5 1
156 1
156.5 1
157 1
157.5 1
158 1
158.5 1
159 1
159.5 1
160 1
160.5 1
161 1
161.5 1
162 1
162.5 1
163 1
163.5 1
164 1
164.5 1
165 1
165.5 1
166 1
166.5 1
167 1
167.5 1
168 1
168.5 1
169 1
169.5 1
170 1
170.5 1
171 1
171.5 1
172 1
172.5 1
173 1
173.5 1
174 1
174.5 1
175 1
175.5 1
176 1
176.5 1
177 1
177.5 1
178 1
178.5 1
179 1
179.5 1
180 1
180.5 1
181 1
181.5 1
182 1
182.5 1
183 1
183.5 1
184 1
184.5 1
185 1
185.5 1
186 1
186.5 1
187 1
187.5 1
188 1
188.5 1
189 1
189.5 1
190 1
190.5 1
191 1
191.5 1
192 1
192.5 1
193 1
193.5 1
194 1
194.5 1
195 1
195.5 1
196 1
196.5 1
197 1
197.5 1
198 1
198.5 1
199 1
199.5 1
200 1
200.5 1
201 1
201.5 1
202 1
202.5 1
203 1
203.5 1
204 1
204.5 1
205 1
205.5 1
206 1
206.5 1
207 1
207.5 1
208 1
208.5 1
209 1
209.5 1
210 1
210.5 1
211 1
211.5 1
212 1
212.5 1
213 1
213.5 1
214 1
214.5 1
215 1
215.5 1
216 1
216.5 1
217 1
217.5 1
218 1
218.5 1
219 1
219.5 1
220 1
220.5 1
221 1
221.5 1
222 1
222.5 1
223 1
223.5 1
224 1
224.5 1
225 1
225.5 1
226 1
226.5 1
227 1
227.5 1
228 1
228.5 1
229 1
229.5 1
230 1
230.5 1
231 1
231.5 1
232 1
232.5 1
233 1
233.5 1
234 1
234.5 1
235 1
235.5 1
236 1
236.5 1
237 1
237.5 1
238 1
238.5 1
239 1
239.5 1
240 1
240.5 1
241 1
241.5 1
242 1
242.5 1
243 1
243.5 1
244 1
244.5 1
245 1
245.5 1
246 1
246.5 1
247 1
247.5 1
248 1
248.5 1
249 1
249.5 1
250 1
250.5 1
251 1
251.5 1
252 1
252.5 1
253 1
253.5 1
254 1
254.5 1
255 1
255.5 1
256 1
256.5 1
257 1
257.5 1
258 1
258.5 1
259 1
259.5 1
260 1
260.5 1
261 1
261.5 1
262 1
262.5 1
263 1
263.5 1
264 1
264.5 1
265 1
265.5 1
266 1
266.5 1
267 1
267.5 1
268 1
268.5 1
269 1
269.5 1
270 1
270.5 1
271 1
271.5 1
272 1
272.5 1
273 1
273.5 1
274 1
274.5 1
275 1
275.5 1
276 1
276.5 1
277 1
277.5 1
278 1
278.5 1
279 1
279.5 1
280 1
280.5 1
281 1
281.5 1
282 1
282.5 1
283 1
283.5 1
284 1
284.5 1
285 1
285.5 1
286 1
286.5 1
287 1
287.5 1
288 1
288.5 1
289 1
289.5 1
290 1
290.5 1
291 1
291.5 1
292 0.999999
292.5 0.999999
293 0.999999
293.5 0.999999
294 0.999999
294.5 0.999999
295 0.999999
295.5 0.999999
296 0.999998
296.5 0.999998
297 0.999998
297.5 0.999997
298 0.999997
298.5 0.999997
299 0.999996
299.5 0.999995
300 0.999995
300.5 0.999994
301 0.999993
301.5 0.999992
302 0.999991
302.5 0.99999
303 0.999988
303.5 0.999986
304 0.999984
304.5 0.999982
305 0.99998
305.5 0.999977
306 0.999973
306.5 0.999969
307 0.999965
307.5 0.99996
308 0.999955
308.5 0.999948
309 0.999941
309.5 0.999933
310 0.999924
310.5 0.999913
311 0.999901
311.5 0.999888
312 0.999872
312.5 0.999855
313 0.999835
313.5 0.999813
314 0.999787
314.5 0.999759
315 0.999727
315.5 0.99969
316 0.999649
316.5 0.999602
317 0.99955
317.5 0.99949
318 0.999424
318.5 0.999348
319 0.999263
319.5 0.999167
320 0.99906
320.5 0.998938
321 0.998802
321.5 0.998648
322 0.998475
322.5 0.998281
323 0.998063
323.5 0.997818
324 0.997543
324.5 0.997235
325 0.996888
325.5 0.9965
326 0.996065
326.5 0.995578
327 0.995032
327.5 0.994421
328 0.993737
328.5 0.992972
329 0.992117
329.5 0.991162
330 0.990094
330.5 0.988902
331 0.987572
331.5 0.986089
332 0.984435
332.5 0.982592
333 0.98054
333.5 0.978255
334 0.975714
334.5 0.972889
335 0.969751
335.5 0.966266
336 0.962401
336.5 0.958115
337 0.953368
337.5 0.948115
338 0.942306
338.5 0.93589
339 0.92881
339.5 0.921007
340 0.912417
340.5 0.902974
341 0.892609
341.5 0.881248
342 0.868818
342.5 0.855244
343 0.840451
343.5 0.824365
344 0.806916
344.5 0.78804
345 0.767681
345.5 0.745793
346 0.722347
346.5 0.69733
347 0.670752
347.5 0.642652
348 0.613097
348.5 0.582193
349 0.550083
349.5 0.51695
350 0.48302
350.5 0.44856
351 0.413873
351.5 0.379289
352 0.345159
352.5 0.31184
353 0.279678
353.5 0.248995
354 0.220069
354.5 0.193128
355 0.168331
355.5 0.145775
356 0.125483
356.5 0.107422
357 0.0915038
357.5 0.0775998
358 0.0655536
358.5 0.055192
359 0.0463358
359.5 0.0388076
360 0.0324382
360.5 0.0270705
361 0.022562
361.5 0.0187855
362 0.0156292
362.5 0.012996
363 0.0108024
363.5 0.00897692
364 0.00745913
364.5 0.00619794
365 0.00515041
365.5 0.00428058
366 0.0035584
366.5 0.00295884
367 0.00246104
367.5 0.00204768
368 0.00170436
368.5 0.00141915
369 0.00118214
369.5 0.000985117
370 0.000821285
370.5 0.000684999
371 0.000571582
371.5 0.000477158
372 0.000398514
372.5 0.000332984
373 0.000278358
373.5 0.000232801
374 0.00019479
374.5 0.00016306
375 0.000136563
375.5 0.000114424
376 9.59192e-05
376.5 8.0444e-05
377 6.74966e-05
377.5 5.66592e-05
378 4.75837e-05
378.5 3.99803e-05
379 3.36071e-05
379.5 2.82627e-05
380 2.37791e-05
380.5 2.00158e-05
381 1.68556e-05
381.5 1.42008e-05
382 1.19695e-05
382.5 1.00933e-05
383 8.51495e-06
383.5 7.1866e-06
384 6.06817e-06
384.5 5.12604e-06
385 4.33209e-06
385.5 3.66268e-06
386 3.09809e-06
386.5 2.62164e-06
387 2.21945e-06
387.5 1.87972e-06
388 1.59271e-06
388.5 1.3501e-06
389 1.14492e-06
389.5 9.71309e-07
390 8.24302e-07
390.5 7.00062e-07
391 5.94478e-07
391.5 5.05323e-07
392 4.29506e-07
392.5 3.65225e-07
393 3.11038e-07
393.5 2.643e-07
394 2.25141e-07
394.5 1.91992e-07
395 1.63528e-07
395.5 1.39273e-07
396 1.18499e-07
396.5 1.00601e-07
397 8.58266e-08
397.5 7.35025e-08
398 6.49672e-08
398.5 5.34172e-08
399 4.56568e-08
399.5 4.21421e-08
400 3.28344e-08
400.5 3.0687e-08
401 2.23976e-08
401.5 2.09165e-08
402 1.83056e-08
402.5 2.13525e-08
403 8.299e-09
403.5 9.67297e-09
404 1.12701e-08
404.5 1.31261e-08
405 0
405.5 1.7785e-08
406 2.06905e-08
406.5 2.40617e-08
407 2.79718e-08
407.5 0
408 0
408.5 0
409 5.08975e-08
409.5 0
410 0
410.5 0
411 0
411.5 0
412 0
412.5 1.43083e-07
413 0
413.5 0
414 0
414.5 0
415 2.96204e-07
415.5 0
416 0
416.5 4.56427e-07
417 0
417.5 0
418 0
418.5 0
419 9.31859e-07
419.5 0
420 0
420.5 0
421 0
421.5 1.88648e-06
422 0
422.5 2.4955e-06
423 0
423.5 0
424 3.78741e-06
424.5 0
425 0
425.5 0
426 0
426.5 7.54196e-06
427 0
427.5 0
428 0
428.5 0
429 0
429.5 0
430 0
430.5 0
431 2.55384e-05
431.5 2.9199e-05
432 0
432.5 0
433 0
433.5 4.97422e-05
434 0
434.5 0
435 7.39343e-05
435.5 0
436 9.6147e-05
436.5 0.000109593
437 0.000124883
437.5 0
438 0
438.5 0
439 0
439.5 0
440 0
440.5 0
441 0
441.5 0
442 0
442.5 0
443 0
443.5 0
444 0
444.5 0.000855009
445 0
445.5 0
446 0
446.5 0
447 0
447.5 0.00181266
448 0
448.5 0
449 0
449.5 0
450 0
450.5 0
451 0.00430097
451.5 0.00486069
452 0
452.5 0
453 0
453.5 0
454 0
454.5 0
455 0
455.5 0
456 0
456.5 0
457 0.0183433
457.5 0
458 0
458.5 0
459 0
459.5 0
460 0
460.5 0
461 0
461.5 0
462 0
462.5 0
463 0
463.5 0
464 0.0950138
464.5 0
465 0
465.5 0
466 0.150637
466.5 0
467 0
467.5 0.212285
468 0
468.5 0
469 0
469.5 0
470 0.37421
470.5 0
471 0
471.5 0
472 0.586401
472.5 0.655703
473 0
473.5 0
474 0
474.5 0
475 0
475.5 0
476 1.42376
476.5 1.58905
477 1.77312
477.5 1.97805
478 0
478.5 0
479 0
479.5 0
480 0
480.5 0
481 0
481.5 0
482 0
482.5 0
483 0
483.5 0
484 0
484.5 0
485 0
485.5 0
486 0
486.5 0
487 0
487.5 0
488 0
488.5 0
489 0
489.5 0
490 0
490.5 0
491 0
491.5 0
492 0
492.5 0
493 0
493.5 0
494 0
494.5 0
495 0
495.5 0
496 0
496.5 0
497 0
497.5 0
498 0
498.5 0
499 0
499.5 0
500 0
500.5 0
501 0
501.5 0
502 0
502.5 0
503 0
503.5 0
504 0
504.5 0
505 0
505.5 0
506 0
506.5 0
507 0
507.5 0
508 0
508.5 0
509 0
509.5 0
510 0
510.5 0
511 0
511.5 0
512 0
512.5 0
513 0
513.5 0
514 0
514.5 0
515 0
515.5 0
516 0
516.5 0
517 0
517.5 0
518 0
518.5 0
519 0
519.5 0
520 0
520.5 0
521 0
521.5 0
522 0
522.5 0
523 0
523.5 0
524 0
524.5 0
525 0
525.5 0
526 0
526.5 0
527 0
527.5 0
528 0
528.5 0
529 0
529.5 0
530 0
530.5 0
531 0
531.5 0
532 0
532.5 0
533 0
533.5 0
534 0
534.5 0
535 0
535.5 0
536 0
536.5 0
537 0
537.5 0
538 0
538.5 0
539 0
539.5 0
540 0
540.5 0
541 0
541.5 0
542 0
542.5 0
543 0
543.5 0
544 0
544.5 0
545 0
545.5 0
546 0
546.5 0
547 0
547.5 0
548 0
548.5 0
549 0
549.5 0
550 0
550.5 0
551 0
551.5 0
552 0
552.5 0
553 0
553.5 0
554 0
554.5 0
555 0
555.5 0
556 0
556.5 0
557 0
557.5 0
558 0
558.5 0
559 0
559.5 0
560 0
560.5 0
561 0
561.5 0
562 0
562.5 0
563 0
563.5 0
564 0
564.5 0
565 0
565.5 0
566 0
566.5 0
567 0
567.5 0
568 0
568.5 0
569 0
569.5 0
570 0
570.5 0
571 0
571.5 0
572 0
572.5 0
573 0
573.5 0
574 0
574.5 0
575 0
575.5 0
576 0
576.5 0
577 0
577.5 0
578 0
578.5 0
579 0
579.5 0
580 0
580.5 0
581 0
581.5 0
582 0
582.5 0
583 0
583.5 0
584 0
584.5 0
585 0
585.5 0
586 0
586.5 0
587 0
587.5 0
588 0
588.5 0
589 0
589.5 0
590 0
590.5 0
591 0
591.5 0
592 0
592.5 0
593 0
593.5 0
594 0
594.5 0
595 0
595.5 0
596 0
596.5 0
597 0
597.5 0
598 0
598.5 0
599 0
599.5 0
600 0
600.5 0
601 0
601.5 0
602 0
602.5 0
603 0
603.5 0
604 0
604.5 0
605 0
605.5 0
606 0
606.5 0
607 0
607.5 0
608 0
608.5 0
609 0
609.5 0
610 0
610.5 0
611 0
611.5 0
612 0
612.5 0
613 0
613.5 0
614 0
614.5 0
615 0
615.5 0
616 0
616.5 0
617 0
617.5 0
618 0
618.5 0
619 0
619.5 0
620 0
620.5 0
621 0
621.5 0
622 0
622.5 0
623 0
623.5 0
624 0
624.5 0
625 0
625.5 0
626 0
626.5 0
627 0
627.5 0
628 0
628.5 0
629 0
629.5 0
630 0
630.5 0
631 0
631.5 0
632 0
632.5 0
633 0
633.5 0
634 0
634.5 0
635 0
635.5 0
636 0
636.5 0
637 0
637.5 0
638 0
638.5 0
639 0
639.5 0
640 0
640.5 0
641 0
641.5 0
642 0
642.5 0
643 0
643.5 0
644 0
644.5 0
645 0
645.5 0
646 0
646.5 0
647 0
647.5 0
648 0
648.5 0
649 0
649.5 0
650 0
650.5 0
651 0
651.5 0
652 0
652.5 0
653 0
653.5 0
654 0
654.5 0
655 0
655.5 0
656 0
656.5 0
657 0
657.5 0
658 0
658.5 0
659 0
659.5 0
660 0
660.5 0
661 0
661.5 0
662 0
662.5 0
663 0
663.5 0
664 0
664.5 0
665 0
665.5 0
666 0
666.5 0
667 0
667.5 0
668 0
668.5 0
669 0
669.5 0
670 0
670.5 0
671 0
671.5 0
672 0
672.5 0
673 0
673.5 0
674 0
674.5 0
675 0
675.5 0
676 0
676.5 0
677 0
677.5 0
678 0
678.5 0
679 0
679.5 0
680 0
680.5 0
681 0
681.5 0
682 0
682.5 0
683 0
683.5 0
684 0
684.5 0
685 0
685.5 0
686 0
686.5 0
687 0
687.5 0
688 0
688.5 0
689 0
689.5 0
690 0
690.5 0
691 0
691.5 0
692 0
692.5 0
693 0
693.5 0
694 0
694.5 0
695 0
695.5 0
696 0
696.5 0
697 0
697.5 0
698 0
698.5 0
699 0
699.5 0
700 0
