0 -nan
0.5 -nan
1 -nan
1.5 -nan
2 -nan
2.5 -nan
3 -nan
3.5 -nan
4 -nan
4.5 -nan
5 -nan
5.5 -nan
6 -nan
6.5 -nan
7 -nan
7.5 -nan
8 -nan
8.5 -nan
9 -nan
9.5 -nan
10 -nan
10.5 -nan
11 -nan
11.5 -nan
12 -nan
12.5 -nan
13 -nan
13.5 -nan
14 -nan
14.5 -nan
15 -nan
15.5 -nan
16 -nan
16.5 -nan
17 -nan
17.5 -nan
18 -nan
18.5 -nan
19 -nan
19.5 -nan
20 -nan
20.5 -nan
21 -nan
21.5 -nan
22 -nan
22.5 -nan
23 -nan
23.5 -nan
24 -nan
24.5 -nan
25 -nan
25.5 -nan
26 -nan
26.5 -nan
27 -nan
27.5 -nan
28 -nan
28.5 -nan
29 -nan
29.5 -nan
30 -nan
30.5 -nan
31 -nan
31.5 -nan
32 -nan
32.5 -nan
33 -nan
33.5 -nan
34 -nan
34.5 -nan
35 -nan
35.5 -nan
36 -nan
36.5 -nan
37 -nan
37.5 -nan
38 -nan
38.5 -nan
39 -nan
39.5 -nan
40 -nan
40.5 -nan
41 -nan
41.5 -nan
42 -nan
42.5 -nan
43 -nan
43.5 -nan
44 -nan
44.5 -nan
45 -nan
45.5 -nan
46 -nan
46.5 -nan
47 -nan
47.5 -nan
48 -nan
48.5 -nan
49 -nan
49.5 -nan
50 -nan
50.5 -nan
51 -nan
51.5 -nan
52 -nan
52.5 -nan
53 -nan
53.5 -nan
54 -nan
54.5 -nan
55 -nan
55.5 -nan
56 -nan
56.5 -nan
57 -nan
57.5 -nan
58 -nan
58.5 -nan
59 -nan
59.5 -nan
60 -nan
60.5 -nan
61 -nan
61.5 -nan
62 -nan
62.5 -nan
63 -nan
63.5 -nan
64 -nan
64.5 -nan
65 -nan
65.5 -nan
66 -nan
66.5 1
67 1
67.5 1
68 1
68.5 1
69 1
69.5 1
70 1
70.5 1
71 1
71.5 1
72 1
72.5 1
73 1
73.5 1
74 1
74.5 1
75 1
75.5 1
76 1
76.5 1
77 1
77.5 1
78 1
78.5 1
79 1
79.5 1
80 1
80.5 1
81 1
81.5 1
82 1
82.5 1
83 1
83.5 1
84 1
84.5 1
85 1
85.5 1
86 1
86.5 1
87 1
87.5 1
88 1
88.5 1
89 1
89.5 1
90 1
90.5 1
91 1
91.5 1
92 1
92.5 1
93 1
93.5 1
94 1
94.5 1
95 1
95.5 1
96 1
96.5 1
97 1
97.5 1
98 1
98.5 1
99 1
99.5 1
100 1
100.5 1
101 1
101.5 1
102 1
102.5 1
103 1
103.5 1
104 1
104.5 1
105 1
105.5 1
106 1
106.5 1
107 1
107.5 1
108 1
108.5 1
109 1
109.5 1
110 1
110.5 1
111 1
111.5 1
112 1
112.5 1
113 1
113.5 1
114 1
114.5 1
115 1
115.5 1
116 1
116.5 1
117 1
117.5 1
118 1
118.5 1
119 1
119.5 1
120 1
120.5 1
121 1
121.5 1
122 1
122.5 1
123 1
123.5 1
124 1
124.5 1
125 1
125.5 1
126 1
126.5 1
127 1
127.5 1
128 1
128.5 1
129 1
129.5 1
130 1
130.5 1
131 1
131.5 1
132 1
132.5 1
133 1
133.5 1
134 1
134.5 1
135 1
135.5 1
136 1
136.5 1
137 1
137.5 1
138 1
138.5 1
139 1
139.5 1
140 1
140.5 1
141 1
141.5 1
142 1
142.5 1
143 1
143.5 1
144 1
144.5 1
145 1
145.5 1
146 1
146.5 1
147 1
147.5 1
148 1
148.5 1
149 1
149.5 1
150 1
150.5 1
151 1
151.5 1
152 1
152.5 1
153 1
153.5 1
154 1
154.5 1
155 1
155.5 1
156 1
156.5 1
157 1
157.5 1
158 1
158.5 1
159 1
159.5 1
160 1
160.5 1
161 1
161.5 1
162 1
162.5 1
163 1
163.5 1
164 1
164.5 1
165 1
165.5 1
166 1
166.5 1
167 1
167.5 1
168 1
168.5 1
169 1
169.5 1
170 1
170.5 1
171 1
171.5 1
172 1
172.5 1
173 1
173.5 1
174 1
174.5 1
175 1
175.5 1
176 1
176.5 1
177 1
177.5 1
178 1
178.5 1
179 1
179.5 1
180 1
180.5 1
181 1
181.5 1
182 1
182.5 1
183 1
183.5 1
184 1
184.5 1
185 1
185.5 1
186 1
186.5 1
187 1
187.5 1
188 1
188.5 1
189 1
189.5 1
190 1
190.5 1
191 1
191.5 1
192 1
192.5 1
193 1
193.5 1
194 1
194.5 1
195 1
195.5 1
196 1
196.5 1
197 1
197.5 1
198 1
198.5 1
199 1
199.5 1
200 1
200.5 1
201 1
201.5 1
202 1
202.5 1
203 1
203.5 1
204 1
204.5 1
205 1
205.5 1
206 1
206.5 1
207 1
207.5 1
208 1
208.5 1
209 1
209.5 1
210 1
210.5 1
211 1
211.5 1
212 1
212.5 1
213 1
213.5 1
214 1
214.5 1
215 1
215.5 1
216 1
216.5 1
217 1
217.5 1
218 1
218.5 1
219 1
219.5 1
220 1
220.5 1
221 1
221.5 1
222 1
222.5 1
223 1
223.5 1
224 1
224.5 1
225 1
225.5 1
226 1
226.5 1
227 1
227.5 1
228 1
228.5 1
229 1
229.5 1
230 1
230.5 1
231 1
231.5 1
232 1
232.5 1
233 1
233.5 1
234 1
234.5 1
235 1
235.5 1
236 1
236.5 1
237 1
237.5 1
238 1
238.5 1
239 1
239.5 1
240 1
240.5 1
241 1
241.5 1
242 1
242.5 1
243 1
243.5 1
244 1
244.5 1
245 1
245.5 1
246 1
246.5 1
247 1
247.5 1
248 1
248.5 1
249 1
249.5 1
250 1
250.5 1
251 1
251.5 1
252 1
252.5 1
253 1
253.5 1
254 1
254.5 1
255 1
255.5 1
256 1
256.5 1
257 1
257.5 1
258 1
258.5 1
259 1
259.5 1
260 1
260.5 1
261 1
261.5 1
262 1
262.5 1
263 1
263.5 1
264 1
264.5 1
265 1
265.5 1
266 1
266.5 1
267 1
267.5 1
268 1
268.5 1
269 1
269.5 1
270 1
270.5 1
271 1
271.5 1
272 1
272.5 1
273 1
273.5 1
274 1
274.5 1
275 1
275.5 1
276 1
276.5 1
277 1
277.5 1
278 1
278.5 1
279 1
279.5 1
280 1
280.5 1
281 1
281.5 1
282 1
282.5 1
283 1
283.5 1
284 1
284.5 1
285 1
285.5 1
286 1
286.5 1
287 1
287.5 1
288 1
288.5 1
289 1
289.5 1
290 1
290.5 1
291 1
291.5 1
292 1
292.5 0.999999
293 0.999999
293.5 0.999999
294 0.999999
294.5 0.999999
295 0.999999
295.5 0.999999
296 0.999998
296.5 0.999998
297 0.999998
297.5 0.999997
298 0.999997
298.5 0.999996
299 0.999996
299.5 0.999995
300 0.999994
300.5 0.999993
301 0.999992
301.5 0.99999
302 0.999989
302.5 0.999987
303 0.999985
303.5 0.999982
304 0.999979
304.5 0.999975
305 0.999971
305.5 0.999967
306 0.999961
306.5 0.999955
307 0.999947
307.5 0.999939
308 0.999929
308.5 0.999917
309 0.999904
309.5 0.999889
310 0.999871
310.5 0.99985
311 0.999826
311.5 0.999799
312 0.999767
312.5 0.99973
313 0.999688
313.5 0.999639
314 0.999583
314.5 0.999519
315 0.999444
315.5 0.999358
316 0.99926
316.5 0.999147
317 0.999017
317.5 0.998867
318 0.998696
318.5 0.998499
319 0.998273
319.5 0.998015
320 0.997718
320.5 0.997379
321 0.99699
321.5 0.996546
322 0.996037
322.5 0.995456
323 0.994792
323.5 0.994034
324 0.993168
324.5 0.992181
325 0.991056
325.5 0.989773
326 0.988313
326.5 0.986651
327 0.98476
327.5 0.982612
328 0.980171
328.5 0.977401
329 0.974259
329.5 0.970699
330 0.966667
330.5 0.962107
331 0.956954
331.5 0.951137
332 0.944578
332.5 0.937193
333 0.928888
333.5 0.919565
334 0.909114
334.5 0.897423
335 0.884371
335.5 0.869833
336 0.85368
336.5 0.835786
337 0.816025
337.5 0.794279
338 0.770446
338.5 0.744441
339 0.716208
339.5 0.685731
340 0.653039
340.5 0.618221
341 0.581435
341.5 0.542917
342 0.502987
342.5 0.462051
343 0.420597
343.5 0.379177
344 0.33839
344.5 0.298847
345 0.261136
345.5 0.225778
346 0.193197
346.5 0.163688
347 0.137405
347.5 0.114368
348 0.0944718
348.5 0.077519
349 0.0632459
349.5 0.0513533
350 0.041532
350.5 0.0334815
351 0.026923
351.5 0.0216066
352 0.0173142
352.5 0.0138596
353 0.0110859
353.5 0.00886305
354 0.00708407
354.5 0.00566171
355 0.00452521
355.5 0.00361748
356 0.0028926
356.5 0.00231375
357 0.00185147
357.5 0.00148221
358 0.00118715
358.5 0.000951309
359 0.000762719
359.5 0.000611845
360 0.000491088
360.5 0.000394385
361 0.000316905
361.5 0.000254793
362 0.000204974
362.5 0.000164991
363 0.000132885
363.5 0.000107088
364 8.63503e-05
364.5 6.96687e-05
365 5.62425e-05
365.5 4.54301e-05
366 3.67176e-05
366.5 2.96931e-05
367 2.40263e-05
367.5 1.94521e-05
368 1.57578e-05
368.5 1.27724e-05
369 1.03585e-05
369.5 8.40555e-06
370 6.82465e-06
370.5 5.54419e-06
371 4.5065e-06
371.5 3.66508e-06
372 2.98243e-06
372.5 2.42829e-06
373 1.97816e-06
373.5 1.61236e-06
374 1.31496e-06
374.5 1.07293e-06
375 8.76047e-07
375.5 7.15594e-07
376 5.84721e-07
376.5 4.78248e-07
377 3.91012e-07
377.5 3.20286e-07
378 2.6197e-07
378.5 2.14843e-07
379 1.76369e-07
379.5 1.44356e-07
380 1.18813e-07
380.5 9.79754e-08
381 8.04231e-08
381.5 6.57852e-08
382 5.33242e-08
382.5 4.48631e-08
383 3.63281e-08
383.5 2.9402e-08
384 2.67573e-08
384.5 2.16341e-08
385 1.96684e-08
385.5 1.58866e-08
386 9.61914e-09
386.5 0
387 1.40852e-08
387.5 0
388 2.05844e-08
388.5 2.48661e-08
389 0
389.5 3.62339e-08
390 0
390.5 0
391 0
391.5 0
392 9.20938e-08
392.5 0
393 0
393.5 0
394 0
394.5 0
395 0
395.5 3.33264e-07
396 3.99739e-07
396.5 0
397 0
397.5 0
398 0
398.5 0
399 1.17909e-06
399.5 0
400 0
400.5 0
401 0
401.5 0
402 0
402.5 0
403 0
403.5 5.7957e-06
404 0
404.5 8.21667e-06
405 9.77711e-06
405.5 1.16289e-05
406 0
406.5 0
407 0
407.5 2.31741e-05
408 0
408.5 0
409 3.86971e-05
409.5 0
410 0
410.5 6.43764e-05
411 0
411.5 9.01981e-05
412 0
412.5 0
413 0
413.5 0
414 0
414.5 0
415 0
415.5 0
416 0.000403274
416.5 0
417 0.000560051
417.5 0
418 0.000776555
418.5 0
419 0
419.5 0
420 0
420.5 0.00174615
421 0.00205098
421.5 0
422 0
422.5 0.00331597
423 0
423.5 0
424 0
424.5 0
425 0
425.5 0.00858014
426 0.0100402
426.5 0
427 0
427.5 0
428 0
428.5 0.0219077
429 0
429.5 0
430 0.0348352
430.5 0.0406299
431 0
431.5 0
432 0.0643285
432.5 0
433 0
433.5 0
434 0
434.5 0
435 0
435.5 0
436 0.215696
436.5 0
437 0
437.5 0
438 0.391709
438.5 0
439 0
439.5 0.610599
440 0
440.5 0
441 0
441.5 0
442 0
442.5 1.47035
443 1.70031
443.5 1.9656
444 0
444.5 0
445 0
445.5 0
446 0
446.5 0
447 0
447.5 0
448 0
448.5 0
449 0
449.5 0
450 0
450.5 0
451 0
451.5 0
452 0
452.5 0
453 0
453.5 0
454 0
454.5 0
455 0
455.5 0
456 0
456.5 0
457 0
457.5 0
458 0
458.5 0
459 0
459.5 0
460 0
460.5 0
461 0
461.5 0
462 0
462.5 0
463 0
463.5 0
464 0
464.5 0
465 0
465.5 0
466 0
466.5 0
467 0
467.5 0
468 0
468.5 0
469 0
469.5 0
470 0
470.5 0
471 0
471.5 0
472 0
472.5 0
473 0
473.5 0
474 0
474.5 0
475 0
475.5 0
476 0
476.5 0
477 0
477.5 0
478 0
478.5 0
479 0
479.5 0
480 0
480.5 0
481 0
481.5 0
482 0
482.5 0
483 0
483.5 0
484 0
484.5 0
485 0
485.5 0
486 0
486.5 0
487 0
487.5 0
488 0
488.5 0
489 0
489.5 0
490 0
490.5 0
491 0
491.5 0
492 0
492.5 0
493 0
493.5 0
494 0
494.5 0
495 0
495.5 0
496 0
496.5 0
497 0
497.5 0
498 0
498.5 0
499 0
499.5 0
500 0
500.5 0
501 0
501.5 0
502 0
502.5 0
503 0
503.5 0
504 0
504.5 0
505 0
505.5 0
506 0
506.5 0
507 0
507.5 0
508 0
508.5 0
509 0
509.5 0
510 0
510.5 0
511 0
511.5 0
512 0
512.5 0
513 0
513.5 0
514 0
514.5 0
515 0
515.5 0
516 0
516.5 0
517 0
517.5 0
518 0
518.5 0
519 0
519.5 0
520 0
520.5 0
521 0
521.5 0
522 0
522.5 0
523 0
523.5 0
524 0
524.5 0
525 0
525.5 0
526 0
526.5 0
527 0
527.5 0
528 0
528.5 0
529 0
529.5 0
530 0
530.5 0
531 0
531.5 0
532 0
532.5 0
533 0
533.5 0
534 0
534.5 0
535 0
535.5 0
536 0
536.5 0
537 0
537.5 0
538 0
538.5 0
539 0
539.5 0
540 0
540.5 0
541 0
541.5 0
542 0
542.5 0
543 0
543.5 0
544 0
544.5 0
545 0
545.5 0
546 0
546.5 0
547 0
547.5 0
548 0
548.5 0
549 0
549.5 0
550 0
550.5 0
551 0
551.5 0
552 0
552.5 0
553 0
553.5 0
554 0
554.5 0
555 0
555.5 0
556 0
556.5 0
557 0
557.5 0
558 0
558.5 0
559 0
559.5 0
560 0
560.5 0
561 0
561.5 0
562 0
562.5 0
563 0
563.5 0
564 0
564.5 0
565 0
565.5 0
566 0
566.5 0
567 0
567.5 0
568 0
568.5 0
569 0
569.5 0
570 0
570.5 0
571 0
571.5 0
572 0
572.5 0
573 0
573.5 0
574 0
574.5 0
575 0
575.5 0
576 0
576.5 0
577 0
577.5 0
578 0
578.5 0
579 0
579.5 0
580 0
580.5 0
581 0
581.5 0
582 0
582.5 0
583 0
583.5 0
584 0
584.5 0
585 0
585.5 0
586 0
586.5 0
587 0
587.5 0
588 0
588.5 0
589 0
589.5 0
590 0
590.5 0
591 0
591.5 0
592 0
592.5 0
593 0
593.5 0
594 0
594.5 0
595 0
595.5 0
596 0
596.5 0
597 0
597.5 0
598 0
598.5 0
599 0
599.5 0
600 0
600.5 0
601 0
601.5 0
602 0
602.5 0
603 0
603.5 0
604 0
604.5 0
605 0
605.5 0
606 0
606.5 0
607 0
607.5 0
608 0
608.5 0
609 0
609.5 0
610 0
610.5 0
611 0
611.5 0
612 0
612.5 0
613 0
613.5 0
614 0
614.5 0
615 0
615.5 0
616 0
616.5 0
617 0
617.5 0
618 0
618.5 0
619 0
619.5 0
620 0
620.5 0
621 0
621.5 0
622 0
622.5 0
623 0
623.5 0
624 0
624.5 0
625 0
625.5 0
626 0
626.5 0
627 0
627.5 0
628 0
628.5 0
629 0
629.5 0
630 0
630.5 0
631 0
631.5 0
632 0
632.5 0
633 0
633.5 0
634 0
634.5 0
635 0
635.5 0
636 0
636.5 0
637 0
637.5 0
638 0
638.5 0
639 0
639.5 0
640 0
640.5 0
641 0
641.5 0
642 0
642.5 0
643 0
643.5 0
644 0
644.5 0
645 0
645.5 0
646 0
646.5 0
647 0
647.5 0
648 0
648.5 0
649 0
649.5 0
650 0
650.5 0
651 0
651.5 0
652 0
652.5 0
653 0
653.5 0
654 0
654.5 0
655 0
655.5 0
656 0
656.5 0
657 0
657.5 0
658 0
658.5 0
659 0
659.5 0
660 0
660.5 0
661 0
661.5 0
662 0
662.5 0
663 0
663.5 0
664 0
664.5 0
665 0
665.5 0
666 0
666.5 0
667 0
667.5 0
668 0
668.5 0
669 0
669.5 0
670 0
670.5 0
671 0
671.5 0
672 0
672.5 0
673 0
673.5 0
674 0
674.5 0
675 0
675.5 0
676 0
676.5 0
677 0
677.5 0
678 0
678.5 0
679 0
679.5 0
680 0
680.5 0
681 0
681.5 0
682 0
682.5 0
683 0
683.5 0
684 0
684.5 0
685 0
685.5 0
686 0
686.5 0
687 0
687.5 0
688 0
688.5 0
689 0
689.5 0
690 0
690.5 0
691 0
691.5 0
692 0
692.5 0
693 0
693.5 0
694 0
694.5 0
695 0
695.5 0
696 0
696.5 0
697 0
697.5 0
698 0
698.5 0
699 0
699.5 0
700 0
